Arguments: 
  /usr/bin/node /usr/share/yarn/bin/yarn.js test

PATH: 
  /home/coolreader18/bin:/home/coolreader18/.local/bin:/usr/local/sbin:/usr/local/bin:/usr/sbin:/usr/bin:/sbin:/bin:/usr/games:/usr/local/games:/home/coolreader18/.yarn/bin

Yarn version: 
  1.5.1

Node version: 
  9.10.1

Platform: 
  linux x64

npm manifest: 
  {
    "name": "creeperfunction",
    "version": "0.0.1",
    "main": "index.js",
    "license": "MIT",
    "bin": {
      "crfn": "./index.js"
    },
    "dependencies": {
      "fs-extra": "^5.0.0",
      "nearley": "^2.11.0"
    },
    "scripts": {
      "build": "nearleyc grammar/index.ne -o grammar.js",
      "package": "nexe",
      "test": "cd test && node .. test.crfunction"
    }
  }

yarn manifest: 
  No manifest

Lockfile: 
  # THIS IS AN AUTOGENERATED FILE. DO NOT EDIT THIS FILE DIRECTLY.
  # yarn lockfile v1
  
  
  colors@0.5.x:
    version "0.5.1"
    resolved "https://registry.yarnpkg.com/colors/-/colors-0.5.1.tgz#7d0023eaeb154e8ee9fce75dcb923d0ed1667774"
  
  "discontinuous-range@github:fent/discontinuous-range#feature/intersect":
    version "1.0.0"
    resolved "https://codeload.github.com/fent/discontinuous-range/tar.gz/a4c2462c6ee92c6f995e89c6b020a2eeec4183e6"
  
  fs-extra@^5.0.0:
    version "5.0.0"
    resolved "https://registry.yarnpkg.com/fs-extra/-/fs-extra-5.0.0.tgz#414d0110cdd06705734d055652c5411260c31abd"
    dependencies:
      graceful-fs "^4.1.2"
      jsonfile "^4.0.0"
      universalify "^0.1.0"
  
  graceful-fs@^4.1.2, graceful-fs@^4.1.6:
    version "4.1.11"
    resolved "https://registry.yarnpkg.com/graceful-fs/-/graceful-fs-4.1.11.tgz#0e8bdfe4d1ddb8854d64e04ea7c00e2a026e5658"
  
  jsonfile@^4.0.0:
    version "4.0.0"
    resolved "https://registry.yarnpkg.com/jsonfile/-/jsonfile-4.0.0.tgz#8771aae0799b64076b76640fca058f9c10e33ecb"
    optionalDependencies:
      graceful-fs "^4.1.6"
  
  nearley@^2.11.0:
    version "2.11.0"
    resolved "https://registry.yarnpkg.com/nearley/-/nearley-2.11.0.tgz#5e626c79a6cd2f6ab9e7e5d5805e7668967757ae"
    dependencies:
      nomnom "~1.6.2"
      railroad-diagrams "^1.0.0"
      randexp "^0.4.2"
  
  nomnom@~1.6.2:
    version "1.6.2"
    resolved "https://registry.yarnpkg.com/nomnom/-/nomnom-1.6.2.tgz#84a66a260174408fc5b77a18f888eccc44fb6971"
    dependencies:
      colors "0.5.x"
      underscore "~1.4.4"
  
  railroad-diagrams@^1.0.0:
    version "1.0.0"
    resolved "https://registry.yarnpkg.com/railroad-diagrams/-/railroad-diagrams-1.0.0.tgz#eb7e6267548ddedfb899c1b90e57374559cddb7e"
  
  randexp@^0.4.2:
    version "0.4.7"
    resolved "https://registry.yarnpkg.com/randexp/-/randexp-0.4.7.tgz#1d9649bdea6ea27ad8ba5748b6dde05ee25e8c10"
    dependencies:
      discontinuous-range "github:fent/discontinuous-range#feature/intersect"
      ret "^0.2.0"
  
  ret@^0.2.0:
    version "0.2.1"
    resolved "https://registry.yarnpkg.com/ret/-/ret-0.2.1.tgz#900dda400b6220d8d429f4ef8557710e544825ce"
  
  underscore@~1.4.4:
    version "1.4.4"
    resolved "https://registry.yarnpkg.com/underscore/-/underscore-1.4.4.tgz#61a6a32010622afa07963bf325203cf12239d604"
  
  universalify@^0.1.0:
    version "0.1.1"
    resolved "https://registry.yarnpkg.com/universalify/-/universalify-0.1.1.tgz#fa71badd4437af4c148841e3b3b165f9e9e590b7"

Trace: 
  Error: Command failed.
  Exit code: 1
  Command: sh
  Arguments: -c cd test && node .. test.crfunction
  Directory: /home/coolreader18/Projects/creeperfunction
  Output:
  
      at ProcessTermError.MessageError (/usr/share/yarn/lib/cli.js:186:110)
      at new ProcessTermError (/usr/share/yarn/lib/cli.js:226:113)
      at ChildProcess.<anonymous> (/usr/share/yarn/lib/cli.js:30281:17)
      at ChildProcess.emit (events.js:180:13)
      at maybeClose (internal/child_process.js:936:16)
      at Process.ChildProcess._handle.onexit (internal/child_process.js:220:5)
